0 info it worked if it ends with ok
1 verbose cli [ '/usr/local/bin/node', '/usr/local/bin/npm', 'publish', '.' ]
2 info using npm@3.10.3
3 info using node@v6.3.0
4 verbose publish [ '.' ]
5 silly cache add args [ '.', null ]
6 verbose cache add spec .
7 silly cache add parsed spec Result {
7 silly cache add   raw: '.',
7 silly cache add   scope: null,
7 silly cache add   escapedName: null,
7 silly cache add   name: null,
7 silly cache add   rawSpec: '.',
7 silly cache add   spec: '/Users/paulfelice/Documents/select',
7 silly cache add   type: 'directory' }
8 verbose addLocalDirectory /Users/paulfelice/.npm/tether-select-2/1.1.1/package.tgz not in flight; packing
9 verbose correctMkdir /Users/paulfelice/.npm correctMkdir not in flight; initializing
10 info lifecycle tether-select-2@1.1.1~prepublish: tether-select-2@1.1.1
11 silly lifecycle tether-select-2@1.1.1~prepublish: no script for prepublish, continuing
12 verbose tar pack [ '/Users/paulfelice/.npm/tether-select-2/1.1.1/package.tgz',
12 verbose tar pack   '/Users/paulfelice/Documents/select' ]
13 verbose tarball /Users/paulfelice/.npm/tether-select-2/1.1.1/package.tgz
14 verbose folder /Users/paulfelice/Documents/select
15 verbose addLocalTarball adding from inside cache /Users/paulfelice/.npm/tether-select-2/1.1.1/package.tgz
16 verbose correctMkdir /Users/paulfelice/.npm correctMkdir not in flight; initializing
17 silly cache afterAdd tether-select-2@1.1.1
18 verbose afterAdd /Users/paulfelice/.npm/tether-select-2/1.1.1/package/package.json not in flight; writing
19 verbose correctMkdir /Users/paulfelice/.npm correctMkdir not in flight; initializing
20 verbose afterAdd /Users/paulfelice/.npm/tether-select-2/1.1.1/package/package.json written
21 silly publish { name: 'tether-select-2',
21 silly publish   version: '1.1.1',
21 silly publish   description: 'Styleable select elements built on Tether',
21 silly publish   authors:
21 silly publish    [ 'Adam Schwartz <adam.flynn.schwartz@gmail.com>',
21 silly publish      'Zack Bloom <zbloom@hubspot.com>' ],
21 silly publish   maintainers:
21 silly publish    [ { name: 'Nicholas Hwang',
21 silly publish        email: 'nick.joosung.hwang@gmail.com' } ],
21 silly publish   scripts: { watch: 'gulp watch', build: 'gulp build' },
21 silly publish   license: 'MIT',
21 silly publish   main: 'dist/js/select.js',
21 silly publish   devDependencies:
21 silly publish    { bower: '^1.4.1',
21 silly publish      del: '^1.2.0',
21 silly publish      gulp: '^3.9.0',
21 silly publish      'gulp-autoprefixer': '^2.3.1',
21 silly publish      'gulp-babel': '^5.1.0',
21 silly publish      'gulp-bump': '^0.3.0',
21 silly publish      'gulp-filter': '^2.0.2',
21 silly publish      'gulp-header': '^1.2.2',
21 silly publish      'gulp-rename': '^1.2.2',
21 silly publish      'gulp-sass': '^2.0.1',
21 silly publish      'gulp-tag-version': '^1.2.1',
21 silly publish      'gulp-uglify': '^1.2.0',
21 silly publish      'gulp-wrap-umd': '^0.2.1' },
21 silly publish   dependencies: { tether: '~1.0.2' },
21 silly publish   readme: '## Select\n\n[![GitHub\nversion](https://badge.fury.io/gh/HubSpot%2Fselect.svg)](http://badge.fury.io/gh/HubSpot%2Fselect)\n\nSelect.js is a Javascript and CSS library for creating styleable select elements.  It aims to reproduce the behavior of native controls as much as is possible, while allowing for complete styling with CSS.\n\n\n## Install\n\n__Dependencies__\n\n* __[Tether](https://github.com/HubSpot/tether)__\n\nInstalling via `npm` and `bower` will bring in the above dependencies as well.\n\n\n__npm__\n```sh\n$ npm install tether-select-2\n```\n\n__bower__\n```sh\n$ bower install tether-select-2\n```\n\n## Usage\n\n```javascript\nlet selectInstance = new Select({\n  el: document.querySelector(\'select.select-target\'),\n  className: \'select-theme-default\'\n})\n```\n\n[API Documentation](http://github.hubspot.com/select)\n\n[Demo](http://github.hubspot.com/select/docs/welcome)\n\n\n## Contributing\n\nWe encourage contributions of all kinds. If you would like to contribute in some way, please review our [guidelines for contributing](CONTRIBUTING.md).\n\n\n## License\nCopyright &copy; 2015 HubSpot - [MIT License](LICENSE)\n',
21 silly publish   readmeFilename: 'README.md',
21 silly publish   gitHead: 'c1a4280a69a3bed5564165240becc2ca928d494a',
21 silly publish   _id: 'tether-select-2@1.1.1',
21 silly publish   _shasum: '424b26736073c52c88761e16c20cff51d3f28fbd',
21 silly publish   _from: '.' }
22 verbose getPublishConfig undefined
23 silly mapToRegistry name tether-select-2
24 silly mapToRegistry using default registry
25 silly mapToRegistry registry https://registry.npmjs.org/
26 silly mapToRegistry data Result {
26 silly mapToRegistry   raw: 'tether-select-2',
26 silly mapToRegistry   scope: null,
26 silly mapToRegistry   escapedName: 'tether-select-2',
26 silly mapToRegistry   name: 'tether-select-2',
26 silly mapToRegistry   rawSpec: '',
26 silly mapToRegistry   spec: 'latest',
26 silly mapToRegistry   type: 'tag' }
27 silly mapToRegistry uri https://registry.npmjs.org/tether-select-2
28 verbose publish registryBase https://registry.npmjs.org/
29 silly publish uploading /Users/paulfelice/.npm/tether-select-2/1.1.1/package.tgz
30 verbose request uri https://registry.npmjs.org/tether-select-2
31 verbose request sending authorization for write operation
32 info attempt registry request try #1 at 4:31:46 PM
33 verbose request using bearer token for auth
34 verbose request id 9c9f4414a811a6cd
35 http request PUT https://registry.npmjs.org/tether-select-2
36 http 403 https://registry.npmjs.org/tether-select-2
37 verbose headers { 'content-type': 'application/json',
37 verbose headers   'cache-control': 'max-age=300',
37 verbose headers   'content-length': '95',
37 verbose headers   'accept-ranges': 'bytes',
37 verbose headers   date: 'Fri, 15 Jul 2016 14:31:48 GMT',
37 verbose headers   via: '1.1 varnish',
37 verbose headers   connection: 'keep-alive',
37 verbose headers   'x-served-by': 'cache-fra1236-FRA',
37 verbose headers   'x-cache': 'MISS',
37 verbose headers   'x-cache-hits': '0',
37 verbose headers   'x-timer': 'S1468593107.187160,VS0,VE1217',
37 verbose headers   vary: 'Accept-Encoding' }
38 verbose request invalidating /Users/paulfelice/.npm/registry.npmjs.org/tether-select-2 on PUT
39 error publish Failed PUT 403
40 verbose stack Error: "You cannot publish over the previously published version 1.1.1." : tether-select-2
40 verbose stack     at makeError (/usr/local/lib/node_modules/npm/node_modules/npm-registry-client/lib/request.js:264:12)
40 verbose stack     at CachingRegistryClient.<anonymous> (/usr/local/lib/node_modules/npm/node_modules/npm-registry-client/lib/request.js:252:14)
40 verbose stack     at Request._callback (/usr/local/lib/node_modules/npm/node_modules/npm-registry-client/lib/request.js:172:14)
40 verbose stack     at Request.self.callback (/usr/local/lib/node_modules/npm/node_modules/request/request.js:200:22)
40 verbose stack     at emitTwo (events.js:106:13)
40 verbose stack     at Request.emit (events.js:191:7)
40 verbose stack     at Request.<anonymous> (/usr/local/lib/node_modules/npm/node_modules/request/request.js:1067:10)
40 verbose stack     at emitOne (events.js:101:20)
40 verbose stack     at Request.emit (events.js:188:7)
40 verbose stack     at IncomingMessage.<anonymous> (/usr/local/lib/node_modules/npm/node_modules/request/request.js:988:12)
41 verbose statusCode 403
42 verbose pkgid tether-select-2
43 verbose cwd /Users/paulfelice/Documents/select
44 error Darwin 15.5.0
45 error argv "/usr/local/bin/node" "/usr/local/bin/npm" "publish" "."
46 error node v6.3.0
47 error npm  v3.10.3
48 error code E403
49 error "You cannot publish over the previously published version 1.1.1." : tether-select-2
50 error If you need help, you may report this error at:
50 error     <https://github.com/npm/npm/issues>
51 verbose exit [ 1, true ]
